<?xml version="1.0" encoding="UTF-8"?>
<!-- Generated by org.testng.reporters.JUnitReportReporter -->
<testsuite hostname="DESKTOP-HOOOIG6" failures="0" tests="10" name="com.app.tests.BookFlight" time="22.841" errors="0" timestamp="2021-09-06T15:29:46 IST" skipped="0">
  <testcase classname="com.app.tests.BookFlight" name="registrationConfirmationPage" time="0.245"/>
  <system-out/>
  <testcase classname="com.app.tests.BookFlight" name="registrationPageTest" time="8.173"/>
  <system-out/>
  <testcase classname="com.app.tests.BookFlight" name="registrationPageTest" time="9.096"/>
  <system-out/>
  <testcase classname="com.app.tests.BookFlight" name="flightDetailsPage" time="1.631"/>
  <system-out/>
  <testcase classname="com.app.tests.BookFlight" name="confirmationPage" time="0.346"/>
  <system-out/>
  <testcase classname="com.app.tests.BookFlight" name="findFlightsPage" time="0.484"/>
  <system-out/>
  <testcase classname="com.app.tests.BookFlight" name="flightDetailsPage" time="1.795"/>
  <system-out/>
  <testcase classname="com.app.tests.BookFlight" name="registrationConfirmationPage" time="0.230"/>
  <system-out/>
  <testcase classname="com.app.tests.BookFlight" name="findFlightsPage" time="0.484"/>
  <system-out/>
  <testcase classname="com.app.tests.BookFlight" name="confirmationPage" time="0.357"/>
  <system-out/>
</testsuite> <!-- com.app.tests.BookFlight -->
