<?xml version="1.0" encoding="UTF-8"?>
<!-- Generated by org.testng.reporters.JUnitReportReporter -->
<testsuite hostname="DESKTOP-HOOOIG6" failures="0" tests="5" name="com.app.tests.BookFlight" time="12.466" errors="0" timestamp="2021-09-06T14:58:57 IST" skipped="0">
  <testcase classname="com.app.tests.BookFlight" name="confirmationPage" time="0.337"/>
  <system-out/>
  <testcase classname="com.app.tests.BookFlight" name="registrationConfirmationPage" time="0.264"/>
  <system-out/>
  <testcase classname="com.app.tests.BookFlight" name="registrationPageTest" time="9.576"/>
  <system-out/>
  <testcase classname="com.app.tests.BookFlight" name="findFlightsPage" time="0.505"/>
  <system-out/>
  <testcase classname="com.app.tests.BookFlight" name="flightDetailsPage" time="1.784"/>
  <system-out/>
</testsuite> <!-- com.app.tests.BookFlight -->
