<?xml version="1.0" encoding="UTF-8"?>
<!-- Generated by org.testng.reporters.JUnitReportReporter -->
<testsuite hostname="DESKTOP-HOOOIG6" failures="0" tests="2" name="com.app.search.tests.SearchTest" time="12.071" errors="0" timestamp="2021-09-06T22:48:30 IST" skipped="0">
  <testcase classname="com.app.search.tests.SearchTest" name="searchPage" time="5.551"/>
  <system-out/>
  <testcase classname="com.app.search.tests.SearchTest" name="searchPage" time="6.520"/>
  <system-out/>
</testsuite> <!-- com.app.search.tests.SearchTest -->
