<?xml version="1.0" encoding="UTF-8"?>
<!-- Generated by org.testng.reporters.JUnitReportReporter -->
<testsuite hostname="DESKTOP-HOOOIG6" failures="0" tests="20" name="com.app.booking.tests.BookFlight" time="1101.284" errors="0" timestamp="2021-09-06T22:58:57 IST" skipped="0">
  <testcase classname="com.app.booking.tests.BookFlight" name="registrationConfirmationPage" time="0.567"/>
  <system-out/>
  <testcase classname="com.app.booking.tests.BookFlight" name="findFlightsPage" time="2.236"/>
  <system-out/>
  <testcase classname="com.app.booking.tests.BookFlight" name="confirmationPage" time="0.943"/>
  <system-out/>
  <testcase classname="com.app.booking.tests.BookFlight" name="registrationPageTest" time="279.695"/>
  <system-out/>
  <testcase classname="com.app.booking.tests.BookFlight" name="findFlightsPage" time="0.625"/>
  <system-out/>
  <testcase classname="com.app.booking.tests.BookFlight" name="flightDetailsPage" time="3.151"/>
  <system-out/>
  <testcase classname="com.app.booking.tests.BookFlight" name="flightDetailsPage" time="1.775"/>
  <system-out/>
  <testcase classname="com.app.booking.tests.BookFlight" name="confirmationPage" time="0.696"/>
  <system-out/>
  <testcase classname="com.app.booking.tests.BookFlight" name="confirmationPage" time="3.543"/>
  <system-out/>
  <testcase classname="com.app.booking.tests.BookFlight" name="flightDetailsPage" time="2.218"/>
  <system-out/>
  <testcase classname="com.app.booking.tests.BookFlight" name="registrationPageTest" time="280.981"/>
  <system-out/>
  <testcase classname="com.app.booking.tests.BookFlight" name="flightDetailsPage" time="1.892"/>
  <system-out/>
  <testcase classname="com.app.booking.tests.BookFlight" name="registrationConfirmationPage" time="0.706"/>
  <system-out/>
  <testcase classname="com.app.booking.tests.BookFlight" name="registrationConfirmationPage" time="1.675"/>
  <system-out/>
  <testcase classname="com.app.booking.tests.BookFlight" name="findFlightsPage" time="2.400"/>
  <system-out/>
  <testcase classname="com.app.booking.tests.BookFlight" name="registrationPageTest" time="228.556"/>
  <system-out/>
  <testcase classname="com.app.booking.tests.BookFlight" name="registrationPageTest" time="287.639"/>
  <system-out/>
  <testcase classname="com.app.booking.tests.BookFlight" name="confirmationPage" time="0.493"/>
  <system-out/>
  <testcase classname="com.app.booking.tests.BookFlight" name="findFlightsPage" time="0.982"/>
  <system-out/>
  <testcase classname="com.app.booking.tests.BookFlight" name="registrationConfirmationPage" time="0.511"/>
  <system-out/>
</testsuite> <!-- com.app.booking.tests.BookFlight -->
