<?xml version="1.0" encoding="UTF-8"?>
<!-- Generated by org.testng.reporters.JUnitReportReporter -->
<testsuite hostname="DESKTOP-HOOOIG6" failures="0" tests="20" name="com.app.booking.tests.BookFlight" time="44.329" errors="0" timestamp="2021-09-06T16:00:52 IST" skipped="0">
  <testcase classname="com.app.booking.tests.BookFlight" name="registrationPageTest" time="8.333"/>
  <system-out/>
  <testcase classname="com.app.booking.tests.BookFlight" name="confirmationPage" time="0.271"/>
  <system-out/>
  <testcase classname="com.app.booking.tests.BookFlight" name="flightDetailsPage" time="1.650"/>
  <system-out/>
  <testcase classname="com.app.booking.tests.BookFlight" name="flightDetailsPage" time="1.584"/>
  <system-out/>
  <testcase classname="com.app.booking.tests.BookFlight" name="findFlightsPage" time="0.548"/>
  <system-out/>
  <testcase classname="com.app.booking.tests.BookFlight" name="registrationConfirmationPage" time="0.209"/>
  <system-out/>
  <testcase classname="com.app.booking.tests.BookFlight" name="confirmationPage" time="0.310"/>
  <system-out/>
  <testcase classname="com.app.booking.tests.BookFlight" name="confirmationPage" time="0.322"/>
  <system-out/>
  <testcase classname="com.app.booking.tests.BookFlight" name="flightDetailsPage" time="1.691"/>
  <system-out/>
  <testcase classname="com.app.booking.tests.BookFlight" name="registrationConfirmationPage" time="0.201"/>
  <system-out/>
  <testcase classname="com.app.booking.tests.BookFlight" name="registrationPageTest" time="8.104"/>
  <system-out/>
  <testcase classname="com.app.booking.tests.BookFlight" name="findFlightsPage" time="0.415"/>
  <system-out/>
  <testcase classname="com.app.booking.tests.BookFlight" name="flightDetailsPage" time="1.598"/>
  <system-out/>
  <testcase classname="com.app.booking.tests.BookFlight" name="confirmationPage" time="0.296"/>
  <system-out/>
  <testcase classname="com.app.booking.tests.BookFlight" name="findFlightsPage" time="0.426"/>
  <system-out/>
  <testcase classname="com.app.booking.tests.BookFlight" name="registrationPageTest" time="9.094"/>
  <system-out/>
  <testcase classname="com.app.booking.tests.BookFlight" name="registrationConfirmationPage" time="0.178"/>
  <system-out/>
  <testcase classname="com.app.booking.tests.BookFlight" name="registrationPageTest" time="8.514"/>
  <system-out/>
  <testcase classname="com.app.booking.tests.BookFlight" name="findFlightsPage" time="0.403"/>
  <system-out/>
  <testcase classname="com.app.booking.tests.BookFlight" name="registrationConfirmationPage" time="0.182"/>
  <system-out/>
</testsuite> <!-- com.app.booking.tests.BookFlight -->
